<?xml version="1.0" encoding="UTF-8"?>
<!-- Generated by org.testng.reporters.JUnitReportReporter -->
<testsuite skipped="0" hostname="DESKTOP-KFO17RS" name="com.ip.lambdaexpression.StringExercisesTest" tests="3" failures="0" timestamp="2020-04-17T06:17:37 PDT" time="0.043" errors="0">
  <testcase name="countsLowercaseLetterExample" time="0.033" classname="com.ip.lambdaexpression.StringExercisesTest"/>
  <system-out/>
  <testcase name="suppoertsNoLowercaseLetters" time="0.003" classname="com.ip.lambdaexpression.StringExercisesTest"/>
  <system-out/>
  <testcase name="noLowercaseLettersInAnEmptyString" time="0.007" classname="com.ip.lambdaexpression.StringExercisesTest"/>
  <system-out/>
</testsuite> <!-- com.ip.lambdaexpression.StringExercisesTest -->
