<?xml version="1.0" encoding="UTF-8"?>
<!-- Generated by org.testng.reporters.JUnitReportReporter -->
<testsuite skipped="0" hostname="DESKTOP-KFO17RS" name="com.ip.lambdaexpression.NumberPresenTest" tests="1" failures="0" timestamp="2020-04-17T07:16:21 PDT" time="0.019" errors="0">
  <testcase name="listOfIntegerStreamType" time="0.019" classname="com.ip.lambdaexpression.NumberPresenTest"/>
  <system-out/>
</testsuite> <!-- com.ip.lambdaexpression.NumberPresenTest -->
