<?xml version="1.0" encoding="UTF-8"?>
<!-- Generated by org.testng.reporters.JUnitReportReporter -->
<testsuite skipped="0" hostname="DESKTOP-KFO17RS" name="com.ip.lambdaexpression.StringExercisesTest" tests="5" failures="0" timestamp="2020-04-16T00:03:26 PDT" time="0.103" errors="0">
  <testcase name="suppoertsNoLowercaseLetters" time="0.003" classname="com.ip.lambdaexpression.StringExercisesTest"/>
  <system-out/>
  <testcase name="noStringReturnedForEmptyList" time="0.004" classname="com.ip.lambdaexpression.StringExercisesTest"/>
  <system-out/>
  <testcase name="findsMostLowercaseString" time="0.008" classname="com.ip.lambdaexpression.StringExercisesTest"/>
  <system-out/>
  <testcase name="countsLowercaseLetterExample" time="0.085" classname="com.ip.lambdaexpression.StringExercisesTest"/>
  <system-out/>
  <testcase name="noLowercaseLettersInAnEmptyString" time="0.003" classname="com.ip.lambdaexpression.StringExercisesTest"/>
  <system-out/>
</testsuite> <!-- com.ip.lambdaexpression.StringExercisesTest -->
