<?xml version="1.0" encoding="UTF-8"?>
<!-- Generated by org.testng.reporters.JUnitReportReporter -->
<testsuite skipped="0" hostname="DESKTOP-KFO17RS" name="com.ip.LambdaExpression.IsNumberPresentStreamTest" tests="1" failures="0" timestamp="2020-04-07T12:20:05 PDT" time="0.012" errors="0">
  <testcase name="listOfIntegerStreamType" time="0.012" classname="com.ip.LambdaExpression.IsNumberPresentStreamTest"/>
  <system-out/>
</testsuite> <!-- com.ip.LambdaExpression.IsNumberPresentStreamTest -->
