<?xml version="1.0" encoding="UTF-8"?>
<!-- Generated by org.testng.reporters.JUnitReportReporter -->
<testsuite skipped="0" hostname="DESKTOP-KFO17RS" name="com.ip.lambdaexpression.FindStringWithFirstCharacterTest" tests="1" failures="0" timestamp="2020-04-17T06:53:48 PDT" time="0.012" errors="0">
  <testcase name="findNameStartWithCharacter" time="0.012" classname="com.ip.lambdaexpression.FindStringWithFirstCharacterTest"/>
  <system-out/>
</testsuite> <!-- com.ip.lambdaexpression.FindStringWithFirstCharacterTest -->
