<?xml version="1.0" encoding="UTF-8"?>
<!-- Generated by org.testng.reporters.JUnitReportReporter -->
<testsuite skipped="0" hostname="DESKTOP-KFO17RS" name="com.ip.lambdaexpression.SampleFilterTest" tests="1" failures="0" timestamp="2020-04-17T04:45:05 PDT" time="0.017" errors="0">
  <testcase name="checkEven" time="0.017" classname="com.ip.lambdaexpression.SampleFilterTest"/>
  <system-out/>
</testsuite> <!-- com.ip.lambdaexpression.SampleFilterTest -->
