<?xml version="1.0" encoding="UTF-8"?>
<!-- Generated by org.testng.reporters.JUnitReportReporter -->
<testsuite skipped="0" hostname="DESKTOP-KFO17RS" name="com.ip.lambdaexpression.SampleMapTest" tests="1" failures="0" timestamp="2020-04-17T05:01:57 PDT" time="0.022" errors="0">
  <testcase name="multiplyNumTest" time="0.022" classname="com.ip.lambdaexpression.SampleMapTest"/>
  <system-out/>
</testsuite> <!-- com.ip.lambdaexpression.SampleMapTest -->
