<?xml version="1.0" encoding="UTF-8"?>
<!-- Generated by org.testng.reporters.JUnitReportReporter -->
<testsuite skipped="0" hostname="DESKTOP-KFO17RS" name="com.ip.lambdaexpression.UpperCaseTest" tests="1" failures="0" timestamp="2020-04-17T06:33:03 PDT" time="0.023" errors="0">
  <testcase name="multipleWordsToUppercase" time="0.023" classname="com.ip.lambdaexpression.UpperCaseTest"/>
  <system-out/>
</testsuite> <!-- com.ip.lambdaexpression.UpperCaseTest -->
