<?xml version="1.0" encoding="UTF-8"?>
<!-- Generated by org.testng.reporters.JUnitReportReporter -->
<testsuite skipped="0" hostname="DESKTOP-KFO17RS" name="com.ip.LambdaExpression.FindStringWithFirstCharacterTest" tests="1" failures="0" timestamp="2020-04-07T12:20:17 PDT" time="0.010" errors="0">
  <testcase name="findNameStartWithCharacter" time="0.010" classname="com.ip.LambdaExpression.FindStringWithFirstCharacterTest"/>
  <system-out/>
</testsuite> <!-- com.ip.LambdaExpression.FindStringWithFirstCharacterTest -->
