<?xml version="1.0" encoding="UTF-8"?>
<!-- Generated by org.testng.reporters.JUnitReportReporter -->
<testsuite skipped="0" hostname="DESKTOP-KFO17RS" name="com.ip.lambdaexpression.SortStringTest" tests="1" failures="0" timestamp="2020-04-17T05:11:44 PDT" time="0.021" errors="0">
  <testcase name="sortStringLength" time="0.021" classname="com.ip.lambdaexpression.SortStringTest"/>
  <system-out/>
</testsuite> <!-- com.ip.lambdaexpression.SortStringTest -->
